   1               		.file	"CRC.cpp"
   2               	__SP_H__ = 0x3e
   3               	__SP_L__ = 0x3d
   4               	__SREG__ = 0x3f
   5               	__tmp_reg__ = 0
   6               	__zero_reg__ = 1
   7               		.section	.text._Z10crc_updatemh,"ax",@progbits
   8               	.global	_Z10crc_updatemh
  10               	_Z10crc_updatemh:
  11 0000 0F93      		push r16
  12 0002 1F93      		push r17
  13               	/* prologue: function */
  14               	/* frame size = 0 */
  15               	/* stack size = 2 */
  16               	.L__stack_usage = 2
  17 0004 242F      		mov r18,r20
  18 0006 2627      		eor r18,r22
  19 0008 2F70      		andi r18,lo8(15)
  20 000a 34E0      		ldi r19,lo8(4)
  21 000c 239F      		mul r18,r19
  22 000e F001      		movw r30,r0
  23 0010 1124      		clr __zero_reg__
  24 0012 E050      		subi r30,lo8(-(_ZL9crc_table))
  25 0014 F040      		sbci r31,hi8(-(_ZL9crc_table))
  26               	/* #APP */
  27               	 ;  21 "../../common/src/CRC.cpp" 1
  28 0016 0591      		lpm r16, Z+
  29 0018 1591      		lpm r17, Z+
  30 001a 2591      		lpm r18, Z+
  31 001c 3491      		lpm r19, Z
  32               		
  33               	 ;  0 "" 2
  34               	/* #NOAPP */
  35 001e DC01      		movw r26,r24
  36 0020 CB01      		movw r24,r22
  37 0022 54E0      		ldi r21,4
  38               		1:
  39 0024 B695      		lsr r27
  40 0026 A795      		ror r26
  41 0028 9795      		ror r25
  42 002a 8795      		ror r24
  43 002c 5A95      		dec r21
  44 002e 01F4      		brne 1b
  45 0030 8027      		eor r24,r16
  46 0032 9127      		eor r25,r17
  47 0034 A227      		eor r26,r18
  48 0036 B327      		eor r27,r19
  49 0038 E42F      		mov r30,r20
  50 003a E295      		swap r30
  51 003c EF70      		andi r30,lo8(15)
  52 003e E827      		eor r30,r24
  53 0040 EF70      		andi r30,lo8(15)
  54 0042 24E0      		ldi r18,lo8(4)
  55 0044 E29F      		mul r30,r18
  56 0046 F001      		movw r30,r0
  57 0048 1124      		clr __zero_reg__
  58 004a E050      		subi r30,lo8(-(_ZL9crc_table))
  59 004c F040      		sbci r31,hi8(-(_ZL9crc_table))
  60               	/* #APP */
  61               	 ;  23 "../../common/src/CRC.cpp" 1
  62 004e 0591      		lpm r16, Z+
  63 0050 1591      		lpm r17, Z+
  64 0052 2591      		lpm r18, Z+
  65 0054 3491      		lpm r19, Z
  66               		
  67               	 ;  0 "" 2
  68               	/* #NOAPP */
  69 0056 BC01      		movw r22,r24
  70 0058 CD01      		movw r24,r26
  71 005a E4E0      		ldi r30,4
  72               		1:
  73 005c 9695      		lsr r25
  74 005e 8795      		ror r24
  75 0060 7795      		ror r23
  76 0062 6795      		ror r22
  77 0064 EA95      		dec r30
  78 0066 01F4      		brne 1b
  79 0068 6027      		eor r22,r16
  80 006a 7127      		eor r23,r17
  81 006c 8227      		eor r24,r18
  82 006e 9327      		eor r25,r19
  83               	/* epilogue start */
  84 0070 1F91      		pop r17
  85 0072 0F91      		pop r16
  86 0074 0895      		ret
  88               		.section	.text._Z5crc32PKhj,"ax",@progbits
  89               	.global	_Z5crc32PKhj
  91               	_Z5crc32PKhj:
  92 0000 0F93      		push r16
  93 0002 1F93      		push r17
  94 0004 CF93      		push r28
  95 0006 DF93      		push r29
  96               	/* prologue: function */
  97               	/* frame size = 0 */
  98               	/* stack size = 4 */
  99               	.L__stack_usage = 4
 100 0008 8B01      		movw r16,r22
 101 000a EC01      		movw r28,r24
 102 000c 080F      		add r16,r24
 103 000e 191F      		adc r17,r25
 104 0010 6FEF      		ldi r22,lo8(-1)
 105 0012 7FEF      		ldi r23,lo8(-1)
 106 0014 CB01      		movw r24,r22
 107               	.L3:
 108 0016 C017      		cp r28,r16
 109 0018 D107      		cpc r29,r17
 110 001a 01F0      		breq .L6
 111 001c 4991      		ld r20,Y+
 112 001e 0E94 0000 		call _Z10crc_updatemh
 113 0022 00C0      		rjmp .L3
 114               	.L6:
 115 0024 6095      		com r22
 116 0026 7095      		com r23
 117 0028 8095      		com r24
 118 002a 9095      		com r25
 119               	/* epilogue start */
 120 002c DF91      		pop r29
 121 002e CF91      		pop r28
 122 0030 1F91      		pop r17
 123 0032 0F91      		pop r16
 124 0034 0895      		ret
 126               		.section	.progmem.data._ZL9crc_table,"a",@progbits
 129               	_ZL9crc_table:
 130 0000 00        		.byte	0
 131 0001 00        		.byte	0
 132 0002 00        		.byte	0
 133 0003 00        		.byte	0
 134 0004 64        		.byte	100
 135 0005 10        		.byte	16
 136 0006 B7        		.byte	-73
 137 0007 1D        		.byte	29
 138 0008 C8        		.byte	-56
 139 0009 20        		.byte	32
 140 000a 6E        		.byte	110
 141 000b 3B        		.byte	59
 142 000c AC        		.byte	-84
 143 000d 30        		.byte	48
 144 000e D9        		.byte	-39
 145 000f 26        		.byte	38
 146 0010 90        		.byte	-112
 147 0011 41        		.byte	65
 148 0012 DC        		.byte	-36
 149 0013 76        		.byte	118
 150 0014 F4        		.byte	-12
 151 0015 51        		.byte	81
 152 0016 6B        		.byte	107
 153 0017 6B        		.byte	107
 154 0018 58        		.byte	88
 155 0019 61        		.byte	97
 156 001a B2        		.byte	-78
 157 001b 4D        		.byte	77
 158 001c 3C        		.byte	60
 159 001d 71        		.byte	113
 160 001e 05        		.byte	5
 161 001f 50        		.byte	80
 162 0020 20        		.byte	32
 163 0021 83        		.byte	-125
 164 0022 B8        		.byte	-72
 165 0023 ED        		.byte	-19
 166 0024 44        		.byte	68
 167 0025 93        		.byte	-109
 168 0026 0F        		.byte	15
 169 0027 F0        		.byte	-16
 170 0028 E8        		.byte	-24
 171 0029 A3        		.byte	-93
 172 002a D6        		.byte	-42
 173 002b D6        		.byte	-42
 174 002c 8C        		.byte	-116
 175 002d B3        		.byte	-77
 176 002e 61        		.byte	97
 177 002f CB        		.byte	-53
 178 0030 B0        		.byte	-80
 179 0031 C2        		.byte	-62
 180 0032 64        		.byte	100
 181 0033 9B        		.byte	-101
 182 0034 D4        		.byte	-44
 183 0035 D2        		.byte	-46
 184 0036 D3        		.byte	-45
 185 0037 86        		.byte	-122
 186 0038 78        		.byte	120
 187 0039 E2        		.byte	-30
 188 003a 0A        		.byte	10
 189 003b A0        		.byte	-96
 190 003c 1C        		.byte	28
 191 003d F2        		.byte	-14
 192 003e BD        		.byte	-67
 193 003f BD        		.byte	-67
 194               		.ident	"GCC: (GNU) 4.8.1"
DEFINED SYMBOLS
                            *ABS*:0000000000000000 CRC.cpp
     /tmp/ccXQ80go.s:2      *ABS*:000000000000003e __SP_H__
     /tmp/ccXQ80go.s:3      *ABS*:000000000000003d __SP_L__
     /tmp/ccXQ80go.s:4      *ABS*:000000000000003f __SREG__
     /tmp/ccXQ80go.s:5      *ABS*:0000000000000000 __tmp_reg__
     /tmp/ccXQ80go.s:6      *ABS*:0000000000000001 __zero_reg__
     /tmp/ccXQ80go.s:10     .text._Z10crc_updatemh:0000000000000000 _Z10crc_updatemh
     /tmp/ccXQ80go.s:129    .progmem.data._ZL9crc_table:0000000000000000 _ZL9crc_table
     /tmp/ccXQ80go.s:91     .text._Z5crc32PKhj:0000000000000000 _Z5crc32PKhj

NO UNDEFINED SYMBOLS
